Case #1: message text is this
Case #2: intelligence artificial
Case #3: fun is HQ Google at working
Case #4: Google love I
Case #5: challenging yet exciting and fun are these like puzzles Solving
Case #6: better the text the longer The
Case #7: National University of Singapore is a good school
Case #8: awesome is Computing of School
Case #9: you do programming love I
Case #10: variations of lots has case test This
Case #11: ipsum Lorem
Case #12: One
Case #13: Two
Case #14: words Two
Case #15: test words Three
Case #16: seashore the on seashells sells She
Case #17: storm the in dance you Can
Case #18: Google
Case #19: can cream clean a in cram clam a can How
Case #20: were was are Is
